::1 - - [08/Dec/2025:08:48:31 +0000] "GET /api/v1/profs HTTP/1.1" 200 30 "-" "PostmanRuntime/7.49.1"
::1 - - [08/Dec/2025:08:48:39 +0000] "POST /api/v1/profs/ HTTP/1.1" 201 45 "-" "PostmanRuntime/7.49.1"
::1 - - [08/Dec/2025:08:48:44 +0000] "GET /api/v1/profs HTTP/1.1" 200 130 "-" "PostmanRuntime/7.49.1"
::1 - - [08/Dec/2025:08:49:00 +0000] "POST /api/v1/profs/ HTTP/1.1" 201 45 "-" "PostmanRuntime/7.49.1"
::1 - - [08/Dec/2025:08:49:05 +0000] "GET /api/v1/profs HTTP/1.1" 200 227 "-" "PostmanRuntime/7.49.1"
::1 - - [08/Dec/2025:08:50:46 +0000] "PUT /api/v1/profs/ HTTP/1.1" 200 46 "-" "PostmanRuntime/7.49.1"
::1 - - [08/Dec/2025:08:50:53 +0000] "GET /api/v1/profs HTTP/1.1" 200 228 "-" "PostmanRuntime/7.49.1"
::1 - - [08/Dec/2025:08:51:05 +0000] "PUT /api/v1/profs/ HTTP/1.1" 200 46 "-" "PostmanRuntime/7.49.1"
::1 - - [08/Dec/2025:08:51:18 +0000] "GET /api/v1/profs/693690e76c5b534cb3649159 HTTP/1.1" 404 47 "-" "PostmanRuntime/7.49.1"
::1 - - [08/Dec/2025:08:51:21 +0000] "GET /api/v1/profs/693690e76c5b534cb3649159 HTTP/1.1" 404 47 "-" "PostmanRuntime/7.49.1"
::1 - - [08/Dec/2025:08:52:31 +0000] "GET /api/v1/profs/693690e76c5b534cb3649159 HTTP/1.1" 404 47 "-" "PostmanRuntime/7.49.1"
::1 - - [08/Dec/2025:08:53:06 +0000] "GET /api/v1/profs/Ouerfelli HTTP/1.1" 404 47 "-" "PostmanRuntime/7.49.1"
::1 - - [08/Dec/2025:08:54:01 +0000] "GET /api/v1/profs/Ouerfelli HTTP/1.1" 404 47 "-" "PostmanRuntime/7.49.1"
::1 - - [08/Dec/2025:08:54:17 +0000] "GET /api/v1/profs/Ouerfelli HTTP/1.1" 404 47 "-" "PostmanRuntime/7.49.1"
::1 - - [08/Dec/2025:08:54:22 +0000] "GET /api/v1/profs/693690e76c5b534cb3649159 HTTP/1.1" 404 47 "-" "PostmanRuntime/7.49.1"
::1 - - [08/Dec/2025:08:55:26 +0000] "GET /api/v1/profs/693690e76c5b534cb3649159 HTTP/1.1" 200 128 "-" "PostmanRuntime/7.49.1"
::1 - - [08/Dec/2025:08:55:39 +0000] "POST /api/v1/profs/ HTTP/1.1" 201 45 "-" "PostmanRuntime/7.49.1"
::1 - - [08/Dec/2025:08:55:45 +0000] "GET /api/v1/profs HTTP/1.1" 200 324 "-" "PostmanRuntime/7.49.1"
::1 - - [08/Dec/2025:08:55:56 +0000] "DELETE /api/v1/profs/6936928b7da2f88c70de30fa HTTP/1.1" 204 - "-" "PostmanRuntime/7.49.1"
::1 - - [08/Dec/2025:08:56:01 +0000] "GET /api/v1/profs HTTP/1.1" 200 227 "-" "PostmanRuntime/7.49.1"
