::1 - - [08/Dec/2025:08:11:38 +0000] "GET /api/v1/profs HTTP/1.1" 200 714 "-" "PostmanRuntime/7.49.1"
::1 - - [08/Dec/2025:08:11:49 +0000] "GET /api/v1/profs/187 HTTP/1.1" 200 32 "-" "PostmanRuntime/7.49.1"
::1 - - [08/Dec/2025:08:11:59 +0000] "GET /api/v1/profs/20 HTTP/1.1" 200 163 "-" "PostmanRuntime/7.49.1"
::1 - - [08/Dec/2025:08:12:35 +0000] "GET /api/v1/profs/20 HTTP/1.1" 200 163 "-" "PostmanRuntime/7.49.1"
::1 - - [08/Dec/2025:08:12:38 +0000] "GET /api/v1/profs/50 HTTP/1.1" 200 32 "-" "PostmanRuntime/7.49.1"
::1 - - [08/Dec/2025:08:12:50 +0000] "GET /api/v1/profs/50 HTTP/1.1" 200 32 "-" "PostmanRuntime/7.49.1"
::1 - - [08/Dec/2025:08:13:11 +0000] "POST /api/v1/profs/ HTTP/1.1" 201 63 "-" "PostmanRuntime/7.49.1"
::1 - - [08/Dec/2025:08:13:23 +0000] "GET /api/v1/profs HTTP/1.1" 200 852 "-" "PostmanRuntime/7.49.1"
::1 - - [08/Dec/2025:08:13:30 +0000] "GET /api/v1/profs/50 HTTP/1.1" 200 32 "-" "PostmanRuntime/7.49.1"
::1 - - [08/Dec/2025:08:14:23 +0000] "GET /api/v1/profs/50 HTTP/1.1" 200 32 "-" "PostmanRuntime/7.49.1"
::1 - - [08/Dec/2025:08:16:42 +0000] "GET /api/v1/profs/50 HTTP/1.1" 200 32 "-" "PostmanRuntime/7.49.1"
::1 - - [08/Dec/2025:08:17:00 +0000] "GET /api/v1/profs/50 HTTP/1.1" 200 32 "-" "PostmanRuntime/7.49.1"
::1 - - [08/Dec/2025:08:17:41 +0000] "GET /api/v1/profs/50 HTTP/1.1" 200 32 "-" "PostmanRuntime/7.49.1"
::1 - - [08/Dec/2025:08:17:51 +0000] "GET /api/v1/profs/50 HTTP/1.1" 200 32 "-" "PostmanRuntime/7.49.1"
::1 - - [08/Dec/2025:08:18:20 +0000] "GET /api/v1/profs/50 HTTP/1.1" 200 32 "-" "PostmanRuntime/7.49.1"
::1 - - [08/Dec/2025:08:18:30 +0000] "GET /api/v1/profs/50 HTTP/1.1" 404 47 "-" "PostmanRuntime/7.49.1"
::1 - - [08/Dec/2025:08:19:04 +0000] "GET /api/v1/profs/50 HTTP/1.1" 404 47 "-" "PostmanRuntime/7.49.1"
::1 - - [08/Dec/2025:08:19:06 +0000] "GET /api/v1/profs/50 HTTP/1.1" 404 47 "-" "PostmanRuntime/7.49.1"
::1 - - [08/Dec/2025:08:19:11 +0000] "GET /api/v1/profs HTTP/1.1" 200 852 "-" "PostmanRuntime/7.49.1"
::1 - - [08/Dec/2025:08:19:38 +0000] "PUT /api/v1/profs/ HTTP/1.1" 200 46 "-" "PostmanRuntime/7.49.1"
::1 - - [08/Dec/2025:08:19:47 +0000] "GET /api/v1/profs/21 HTTP/1.1" 200 165 "-" "PostmanRuntime/7.49.1"
::1 - - [08/Dec/2025:08:19:57 +0000] "PUT /api/v1/profs/ HTTP/1.1" 200 46 "-" "PostmanRuntime/7.49.1"
::1 - - [08/Dec/2025:08:20:01 +0000] "GET /api/v1/profs/21 HTTP/1.1" 200 165 "-" "PostmanRuntime/7.49.1"
::1 - - [08/Dec/2025:08:21:05 +0000] "PUT /api/v1/profs/ HTTP/1.1" 200 46 "-" "PostmanRuntime/7.49.1"
::1 - - [08/Dec/2025:08:21:11 +0000] "GET /api/v1/profs/21 HTTP/1.1" 200 165 "-" "PostmanRuntime/7.49.1"
::1 - - [08/Dec/2025:08:21:40 +0000] "PUT /api/v1/profs/ HTTP/1.1" 200 46 "-" "PostmanRuntime/7.49.1"
::1 - - [08/Dec/2025:08:21:43 +0000] "GET /api/v1/profs/21 HTTP/1.1" 200 165 "-" "PostmanRuntime/7.49.1"
::1 - - [08/Dec/2025:08:21:50 +0000] "PUT /api/v1/profs/ HTTP/1.1" 200 46 "-" "PostmanRuntime/7.49.1"
::1 - - [08/Dec/2025:08:21:54 +0000] "GET /api/v1/profs/21 HTTP/1.1" 200 166 "-" "PostmanRuntime/7.49.1"
::1 - - [08/Dec/2025:08:22:14 +0000] "DELETE /api/v1/profs/21 HTTP/1.1" 204 - "-" "PostmanRuntime/7.49.1"
::1 - - [08/Dec/2025:08:22:19 +0000] "GET /api/v1/profs/21 HTTP/1.1" 404 47 "-" "PostmanRuntime/7.49.1"
